#
# There is insufficient memory for the Java Runtime Environment to continue.
# Native memory allocation (malloc) failed to allocate 598576 bytes for Chunk::new
# Possible reasons:
#   The system is out of physical RAM or swap space
#   The process is running with CompressedOops enabled, and the Java Heap may be blocking the growth of the native heap
# Possible solutions:
#   Reduce memory load on the system
#   Increase physical memory or swap space
#   Check if swap backing store is full
#   Decrease Java heap size (-Xmx/-Xms)
#   Decrease number of Java threads
#   Decrease Java thread stack sizes (-Xss)
#   Set larger code cache with -XX:ReservedCodeCacheSize=
#   JVM is running with Unscaled Compressed Oops mode in which the Java heap is
#     placed in the first 4GB address space. The Java Heap base address is the
#     maximum limit for the native heap growth. Please use -XX:HeapBaseMinAddress
#     to set the Java Heap base and to place the Java Heap above 4GB virtual address.
# This output file may be truncated or incomplete.
#
#  Out of Memory Error (allocation.cpp:389), pid=8708, tid=0x0000000000005a98
#
# JRE version: OpenJDK Runtime Environment (Zulu 8.80.0.17-CA-win64) (8.0_422-b05) (build 1.8.0_422-b05)
# Java VM: OpenJDK 64-Bit Server VM (25.422-b05 mixed mode windows-amd64 compressed oops)
# Failed to write core dump. Minidumps are not enabled by default on client versions of Windows
#

---------------  T H R E A D  ---------------

Current thread (0x00000251a0a95800):  JavaThread "C2 CompilerThread1" daemon [_thread_in_native, id=23192, stack(0x000000e8bf800000,0x000000e8bf900000)]

Stack: [0x000000e8bf800000,0x000000e8bf900000]
[error occurred during error reporting (printing stack bounds), id 0xc0000005]

Native frames: (J=compiled Java code, j=interpreted, Vv=VM code, C=native code)


Current CompileTask:
C2:   9387 6857       4       org.jetbrains.org.objectweb.asm.ClassReader::accept (1380 bytes)


---------------  P R O C E S S  ---------------

Java Threads: ( => current thread )
  0x00000251a22e7800 JavaThread "Cache worker for file content cache (C:\Users\Owner\.gradle\caches\8.7\fileContent)" [_thread_blocked, id=10052, stack(0x000000e8c1000000,0x000000e8c1100000)]
  0x00000251a22e3800 JavaThread "Cache worker for cache directory md-rule (C:\Users\Owner\.gradle\caches\8.7\md-rule)" [_thread_blocked, id=22688, stack(0x000000e8c0f00000,0x000000e8c1000000)]
  0x00000251a22e6800 JavaThread "Cache worker for cache directory md-supplier (C:\Users\Owner\.gradle\caches\8.7\md-supplier)" [_thread_blocked, id=18264, stack(0x000000e8c0e00000,0x000000e8c0f00000)]
  0x00000251a22e6000 JavaThread "Cache worker for checksums cache (C:\Users\Owner\AndroidStudioProjects\Submission1Funda\.gradle\8.7\checksums)" [_thread_blocked, id=7916, stack(0x000000e8c0d00000,0x000000e8c0e00000)]
  0x00000251a22e2000 JavaThread "File watcher consumer" daemon [_thread_blocked, id=20524, stack(0x000000e8c0c00000,0x000000e8c0d00000)]
  0x00000251a22e5000 JavaThread "File watcher server" daemon [_thread_in_native, id=22144, stack(0x000000e8c0b00000,0x000000e8c0c00000)]
  0x00000251a22e1000 JavaThread "Cache worker for file hash cache (C:\Users\Owner\AndroidStudioProjects\Submission1Funda\.gradle\8.7\fileHashes)" [_thread_blocked, id=4492, stack(0x000000e8c0a00000,0x000000e8c0b00000)]
  0x00000251a22e4800 JavaThread "Cache worker for file hash cache (C:\Users\Owner\.gradle\caches\8.7\fileHashes)" [_thread_blocked, id=15924, stack(0x000000e8c0900000,0x000000e8c0a00000)]
  0x00000251a22e2800 JavaThread "File lock request listener" [_thread_in_native, id=22608, stack(0x000000e8c0800000,0x000000e8c0900000)]
  0x00000251a22e0800 JavaThread "Cache worker for journal cache (C:\Users\Owner\.gradle\caches\journal-1)" [_thread_blocked, id=13728, stack(0x000000e8c0700000,0x000000e8c0800000)]
  0x00000251a1cb6000 JavaThread "Daemon client event forwarder" [_thread_blocked, id=18536, stack(0x000000e8c0600000,0x000000e8c0700000)]
  0x00000251a1cc1800 JavaThread "Stdin handler" [_thread_blocked, id=7528, stack(0x000000e8c0500000,0x000000e8c0600000)]
  0x00000251a1cbc800 JavaThread "Asynchronous log dispatcher for DefaultDaemonConnection: socket connection from /127.0.0.1:57338 to /127.0.0.1:57339" [_thread_blocked, id=5600, stack(0x000000e8c0400000,0x000000e8c0500000)]
  0x00000251a165e000 JavaThread "Daemon worker" [_thread_in_Java, id=15056, stack(0x000000e8c0300000,0x000000e8c0400000)]
  0x00000251a165d000 JavaThread "Cancel handler" [_thread_blocked, id=9316, stack(0x000000e8c0200000,0x000000e8c0300000)]
  0x00000251a1659000 JavaThread "Handler for socket connection from /127.0.0.1:57338 to /127.0.0.1:57339" [_thread_in_native, id=19636, stack(0x000000e8c0100000,0x000000e8c0200000)]
  0x00000251a1658000 JavaThread "Daemon" [_thread_blocked, id=9256, stack(0x000000e8c0000000,0x000000e8c0100000)]
  0x00000251a1ccc800 JavaThread "Daemon periodic checks" [_thread_blocked, id=8852, stack(0x000000e8bff00000,0x000000e8c0000000)]
  0x00000251a1c8d800 JavaThread "Incoming local TCP Connector on port 57338" [_thread_in_native, id=23104, stack(0x000000e8bfe00000,0x000000e8bff00000)]
  0x00000251a1bb7800 JavaThread "Daemon health stats" [_thread_blocked, id=23004, stack(0x000000e8bfd00000,0x000000e8bfe00000)]
  0x00000251a0b1a000 JavaThread "Service Thread" daemon [_thread_blocked, id=22580, stack(0x000000e8bfb00000,0x000000e8bfc00000)]
  0x00000251a0a9b800 JavaThread "C1 CompilerThread3" daemon [_thread_in_native, id=5268, stack(0x000000e8bfa00000,0x000000e8bfb00000)]
  0x00000251a0a98800 JavaThread "C2 CompilerThread2" daemon [_thread_in_native, id=11368, stack(0x000000e8bf900000,0x000000e8bfa00000)]
=>0x00000251a0a95800 JavaThread "C2 CompilerThread1" daemon [_thread_in_native, id=23192, stack(0x000000e8bf800000,0x000000e8bf900000)]
  0x00000251a0a73000 JavaThread "C2 CompilerThread0" daemon [_thread_blocked, id=5376, stack(0x000000e8bf700000,0x000000e8bf800000)]
  0x000002519ec0b000 JavaThread "Attach Listener" daemon [_thread_blocked, id=6052, stack(0x000000e8bf600000,0x000000e8bf700000)]
  0x000002519ec0a000 JavaThread "Signal Dispatcher" daemon [_thread_blocked, id=2696, stack(0x000000e8bf500000,0x000000e8bf600000)]
  0x000002519ebe0800 JavaThread "Finalizer" daemon [_thread_blocked, id=8944, stack(0x000000e8bf400000,0x000000e8bf500000)]
  0x000002519ebd5000 JavaThread "Reference Handler" daemon [_thread_blocked, id=14504, stack(0x000000e8bf300000,0x000000e8bf400000)]
  0x00000251888f1800 JavaThread "main" [_thread_blocked, id=20180, stack(0x000000e8be900000,0x000000e8bea00000)]

Other Threads:
  0x000002519ebad800 VMThread [stack: 0x000000e8bf200000,0x000000e8bf300000] [id=12476]
  0x00000251a0abd800 WatcherThread [stack: 0x000000e8bfc00000,0x000000e8bfd00000] [id=16024]

VM state:not at safepoint (normal execution)

VM Mutex/Monitor currently owned by a thread:  ([mutex/lock_event])
[0x00000251888ee600] Compile_lock - owner thread: 0x0000000000000000

heap address: 0x0000000080000000, size: 2048 MB, Compressed Oops mode: 32-bit
Narrow klass base: 0x0000000000000000, Narrow klass shift: 3
Compressed class space size: 1073741824 Address: 0x0000000100000000

Heap:
 PSYoungGen      total 256000K, used 47025K [0x00000000d5580000, 0x00000000ea580000, 0x0000000100000000)
  eden space 225792K, 20% used [0x00000000d5580000,0x00000000d836c728,0x00000000e3200000)
  from space 30208K, 0% used [0x00000000e3200000,0x00000000e3200000,0x00000000e4f80000)
  to   space 35328K, 0% used [0x00000000e8300000,0x00000000e8300000,0x00000000ea580000)
 ParOldGen       total 365056K, used 55651K [0x0000000080000000, 0x0000000096480000, 0x00000000d5580000)
  object space 365056K, 15% used [0x0000000080000000,0x0000000083658c10,0x0000000096480000)
 Metaspace       used 95940K, capacity 99068K, committed 99480K, reserved 1136640K
  class space    used 12560K, capacity 13157K, committed 13208K, reserved 1048576K

Card table byte_map: [0x00000251997c0000,0x0000025199bd0000] byte_map_base: 0x00000251993c0000

Marking Bits: (ParMarkBitMap*) 0x0000000064078470
 Begin Bits: [0x0000025199e80000, 0x000002519be80000)
 End Bits:   [0x000002519be80000, 0x000002519de80000)

Polling page: 0x000002518a250000

CodeCache: size=245760Kb used=22953Kb max_used=22964Kb free=222806Kb
 bounds [0x000002518a400000, 0x000002518ba90000, 0x0000025199400000]
 total_blobs=7053 nmethods=6291 adapters=671
 compilation: enabled

Compilation events (10 events):
Event: 9.386 Thread 0x00000251a0a9b800 nmethod 6923 0x000002518ba771d0 code [0x000002518ba77440, 0x000002518ba77eb0]
Event: 9.386 Thread 0x00000251a0a9b800 6924       3       org.jetbrains.kotlin.types.ClassifierBasedTypeConstructor::<init> (5 bytes)
Event: 9.386 Thread 0x00000251a0a9b800 nmethod 6924 0x000002518ba78ed0 code [0x000002518ba79020, 0x000002518ba791d8]
Event: 9.386 Thread 0x00000251a0a9b800 6925       3       org.jetbrains.kotlin.types.AbstractTypeConstructor$supertypes$1::<init> (11 bytes)
Event: 9.386 Thread 0x00000251a0a9b800 nmethod 6925 0x000002518ba7a910 code [0x000002518ba7aa80, 0x000002518ba7acb8]
Event: 9.386 Thread 0x00000251a0a9b800 6926       3       org.jetbrains.kotlin.types.AbstractTypeConstructor$supertypes$3::<init> (11 bytes)
Event: 9.386 Thread 0x00000251a0a9b800 nmethod 6926 0x000002518ba7a490 code [0x000002518ba7a600, 0x000002518ba7a838]
Event: 9.386 Thread 0x00000251a0a9b800 6927       3       org.jetbrains.kotlin.storage.LockBasedStorageManager::createLazyValueWithPostCompute (31 bytes)
Event: 9.386 Thread 0x00000251a0a9b800 nmethod 6927 0x000002518ba79b90 code [0x000002518ba79d40, 0x000002518ba7a250]
Event: 9.386 Thread 0x00000251a0a9b800 6928       3       org.jetbrains.kotlin.storage.LockBasedStorageManager$5::<init> (24 bytes)

GC Heap History (10 events):
Event: 6.004 GC heap before
{Heap before GC invocations=15 (full 3):
 PSYoungGen      total 176128K, used 160256K [0x00000000d5580000, 0x00000000e4880000, 0x0000000100000000)
  eden space 160256K, 100% used [0x00000000d5580000,0x00000000df200000,0x00000000df200000)
  from space 15872K, 0% used [0x00000000df200000,0x00000000df200000,0x00000000e0180000)
  to   space 21504K, 0% used [0x00000000e3380000,0x00000000e3380000,0x00000000e4880000)
 ParOldGen       total 262144K, used 38206K [0x0000000080000000, 0x0000000090000000, 0x00000000d5580000)
  object space 262144K, 14% used [0x0000000080000000,0x000000008254fa08,0x0000000090000000)
 Metaspace       used 65345K, capacity 67788K, committed 68248K, reserved 1107968K
  class space    used 9066K, capacity 9536K, committed 9624K, reserved 1048576K
Event: 6.011 GC heap after
Heap after GC invocations=15 (full 3):
 PSYoungGen      total 208384K, used 15497K [0x00000000d5580000, 0x00000000e4300000, 0x0000000100000000)
  eden space 192512K, 0% used [0x00000000d5580000,0x00000000d5580000,0x00000000e1180000)
  from space 15872K, 97% used [0x00000000e3380000,0x00000000e42a27f8,0x00000000e4300000)
  to   space 22528K, 0% used [0x00000000e1700000,0x00000000e1700000,0x00000000e2d00000)
 ParOldGen       total 262144K, used 38214K [0x0000000080000000, 0x0000000090000000, 0x00000000d5580000)
  object space 262144K, 14% used [0x0000000080000000,0x0000000082551a08,0x0000000090000000)
 Metaspace       used 65345K, capacity 67788K, committed 68248K, reserved 1107968K
  class space    used 9066K, capacity 9536K, committed 9624K, reserved 1048576K
}
Event: 6.811 GC heap before
{Heap before GC invocations=16 (full 3):
 PSYoungGen      total 208384K, used 208009K [0x00000000d5580000, 0x00000000e4300000, 0x0000000100000000)
  eden space 192512K, 100% used [0x00000000d5580000,0x00000000e1180000,0x00000000e1180000)
  from space 15872K, 97% used [0x00000000e3380000,0x00000000e42a27f8,0x00000000e4300000)
  to   space 22528K, 0% used [0x00000000e1700000,0x00000000e1700000,0x00000000e2d00000)
 ParOldGen       total 262144K, used 38214K [0x0000000080000000, 0x0000000090000000, 0x00000000d5580000)
  object space 262144K, 14% used [0x0000000080000000,0x0000000082551a08,0x0000000090000000)
 Metaspace       used 73689K, capacity 76260K, committed 76696K, reserved 1116160K
  class space    used 10068K, capacity 10612K, committed 10648K, reserved 1048576K
Event: 6.823 GC heap after
Heap after GC invocations=16 (full 3):
 PSYoungGen      total 220672K, used 21501K [0x00000000d5580000, 0x00000000e6800000, 0x0000000100000000)
  eden space 198144K, 0% used [0x00000000d5580000,0x00000000d5580000,0x00000000e1700000)
  from space 22528K, 95% used [0x00000000e1700000,0x00000000e2bff640,0x00000000e2d00000)
  to   space 25088K, 0% used [0x00000000e4f80000,0x00000000e4f80000,0x00000000e6800000)
 ParOldGen       total 262144K, used 38222K [0x0000000080000000, 0x0000000090000000, 0x00000000d5580000)
  object space 262144K, 14% used [0x0000000080000000,0x0000000082553a08,0x0000000090000000)
 Metaspace       used 73689K, capacity 76260K, committed 76696K, reserved 1116160K
  class space    used 10068K, capacity 10612K, committed 10648K, reserved 1048576K
}
Event: 7.877 GC heap before
{Heap before GC invocations=17 (full 3):
 PSYoungGen      total 220672K, used 219645K [0x00000000d5580000, 0x00000000e6800000, 0x0000000100000000)
  eden space 198144K, 100% used [0x00000000d5580000,0x00000000e1700000,0x00000000e1700000)
  from space 22528K, 95% used [0x00000000e1700000,0x00000000e2bff640,0x00000000e2d00000)
  to   space 25088K, 0% used [0x00000000e4f80000,0x00000000e4f80000,0x00000000e6800000)
 ParOldGen       total 262144K, used 38222K [0x0000000080000000, 0x0000000090000000, 0x00000000d5580000)
  object space 262144K, 14% used [0x0000000080000000,0x0000000082553a08,0x0000000090000000)
 Metaspace       used 85691K, capacity 88322K, committed 88984K, reserved 1126400K
  class space    used 11338K, capacity 11877K, committed 11928K, reserved 1048576K
Event: 7.892 GC heap after
Heap after GC invocations=17 (full 3):
 PSYoungGen      total 250880K, used 25062K [0x00000000d5580000, 0x00000000e7800000, 0x0000000100000000)
  eden space 225792K, 0% used [0x00000000d5580000,0x00000000d5580000,0x00000000e3200000)
  from space 25088K, 99% used [0x00000000e4f80000,0x00000000e67f9a80,0x00000000e6800000)
  to   space 30208K, 0% used [0x00000000e3200000,0x00000000e3200000,0x00000000e4f80000)
 ParOldGen       total 262144K, used 42079K [0x0000000080000000, 0x0000000090000000, 0x00000000d5580000)
  object space 262144K, 16% used [0x0000000080000000,0x0000000082917cb8,0x0000000090000000)
 Metaspace       used 85691K, capacity 88322K, committed 88984K, reserved 1126400K
  class space    used 11338K, capacity 11877K, committed 11928K, reserved 1048576K
}
Event: 8.902 GC heap before
{Heap before GC invocations=18 (full 3):
 PSYoungGen      total 250880K, used 200678K [0x00000000d5580000, 0x00000000e7800000, 0x0000000100000000)
  eden space 225792K, 77% used [0x00000000d5580000,0x00000000e0100050,0x00000000e3200000)
  from space 25088K, 99% used [0x00000000e4f80000,0x00000000e67f9a80,0x00000000e6800000)
  to   space 30208K, 0% used [0x00000000e3200000,0x00000000e3200000,0x00000000e4f80000)
 ParOldGen       total 262144K, used 42079K [0x0000000080000000, 0x0000000090000000, 0x00000000d5580000)
  object space 262144K, 16% used [0x0000000080000000,0x0000000082917cb8,0x0000000090000000)
 Metaspace       used 95227K, capacity 98332K, committed 98600K, reserved 1134592K
  class space    used 12483K, capacity 13087K, committed 13208K, reserved 1048576K
Event: 8.926 GC heap after
Heap after GC invocations=18 (full 3):
 PSYoungGen      total 256000K, used 30181K [0x00000000d5580000, 0x00000000ea580000, 0x0000000100000000)
  eden space 225792K, 0% used [0x00000000d5580000,0x00000000d5580000,0x00000000e3200000)
  from space 30208K, 99% used [0x00000000e3200000,0x00000000e4f79658,0x00000000e4f80000)
  to   space 35328K, 0% used [0x00000000e8300000,0x00000000e8300000,0x00000000ea580000)
 ParOldGen       total 262144K, used 43764K [0x0000000080000000, 0x0000000090000000, 0x00000000d5580000)
  object space 262144K, 16% used [0x0000000080000000,0x0000000082abd390,0x0000000090000000)
 Metaspace       used 95227K, capacity 98332K, committed 98600K, reserved 1134592K
  class space    used 12483K, capacity 13087K, committed 13208K, reserved 1048576K
}
Event: 8.926 GC heap before
{Heap before GC invocations=19 (full 4):
 PSYoungGen      total 256000K, used 30181K [0x00000000d5580000, 0x00000000ea580000, 0x0000000100000000)
  eden space 225792K, 0% used [0x00000000d5580000,0x00000000d5580000,0x00000000e3200000)
  from space 30208K, 99% used [0x00000000e3200000,0x00000000e4f79658,0x00000000e4f80000)
  to   space 35328K, 0% used [0x00000000e8300000,0x00000000e8300000,0x00000000ea580000)
 ParOldGen       total 262144K, used 43764K [0x0000000080000000, 0x0000000090000000, 0x00000000d5580000)
  object space 262144K, 16% used [0x0000000080000000,0x0000000082abd390,0x0000000090000000)
 Metaspace       used 95227K, capacity 98332K, committed 98600K, reserved 1134592K
  class space    used 12483K, capacity 13087K, committed 13208K, reserved 1048576K
Event: 9.037 GC heap after
Heap after GC invocations=19 (full 4):
 PSYoungGen      total 256000K, used 0K [0x00000000d5580000, 0x00000000ea580000, 0x0000000100000000)
  eden space 225792K, 0% used [0x00000000d5580000,0x00000000d5580000,0x00000000e3200000)
  from space 30208K, 0% used [0x00000000e3200000,0x00000000e3200000,0x00000000e4f80000)
  to   space 35328K, 0% used [0x00000000e8300000,0x00000000e8300000,0x00000000ea580000)
 ParOldGen       total 365056K, used 55651K [0x0000000080000000, 0x0000000096480000, 0x00000000d5580000)
  object space 365056K, 15% used [0x0000000080000000,0x0000000083658c10,0x0000000096480000)
 Metaspace       used 95227K, capacity 98332K, committed 98600K, reserved 1134592K
  class space    used 12483K, capacity 13087K, committed 13208K, reserved 1048576K
}

Deoptimization events (10 events):
Event: 8.764 Thread 0x00000251a165e000 Uncommon trap: reason=class_check action=maybe_recompile pc=0x000002518b23f0d4 method=kotlin.text.StringsKt__AppendableKt.appendElement(Ljava/lang/Appendable;Ljava/lang/Object;Lkotlin/jvm/functions/Function1;)V @ 64
Event: 8.764 Thread 0x00000251a165e000 Uncommon trap: reason=class_check action=maybe_recompile pc=0x000002518b23f0d4 method=kotlin.text.StringsKt__AppendableKt.appendElement(Ljava/lang/Appendable;Ljava/lang/Object;Lkotlin/jvm/functions/Function1;)V @ 64
Event: 8.797 Thread 0x00000251a165e000 Uncommon trap: reason=class_check action=maybe_recompile pc=0x000002518b2ec65c method=org.jetbrains.org.objectweb.asm.ClassReader.readElementValue(Lorg/jetbrains/org/objectweb/asm/AnnotationVisitor;ILjava/lang/String;[C)I @ 536
Event: 9.171 Thread 0x00000251a165e000 Uncommon trap: reason=unstable_if action=reinterpret pc=0x000002518b8231ac method=org.jetbrains.kotlin.resolve.QualifiedExpressionResolver.storeResult(Lorg/jetbrains/kotlin/resolve/BindingTrace;Lorg/jetbrains/kotlin/psi/KtSimpleNameExpression;Lorg/jetbrai
Event: 9.294 Thread 0x00000251a165e000 Uncommon trap: reason=bimorphic action=maybe_recompile pc=0x000002518ab29238 method=java.util.Collections$UnmodifiableMap.get(Ljava/lang/Object;)Ljava/lang/Object; @ 5
Event: 9.301 Thread 0x00000251a165e000 Uncommon trap: reason=bimorphic action=maybe_recompile pc=0x000002518ab29238 method=java.util.Collections$UnmodifiableMap.get(Ljava/lang/Object;)Ljava/lang/Object; @ 5
Event: 9.329 Thread 0x00000251a165e000 Uncommon trap: reason=unstable_if action=reinterpret pc=0x000002518b23ad4c method=java.util.concurrent.ConcurrentHashMap.get(Ljava/lang/Object;)Ljava/lang/Object; @ 76
Event: 9.329 Thread 0x00000251a165e000 Uncommon trap: reason=unstable_if action=reinterpret pc=0x000002518a9eb624 method=java.util.concurrent.ConcurrentHashMap.get(Ljava/lang/Object;)Ljava/lang/Object; @ 76
Event: 9.329 Thread 0x00000251a165e000 Uncommon trap: reason=class_check action=maybe_recompile pc=0x000002518ae77274 method=java.util.concurrent.ConcurrentHashMap.putVal(Ljava/lang/Object;Ljava/lang/Object;Z)Ljava/lang/Object; @ 192
Event: 9.329 Thread 0x00000251a165e000 Uncommon trap: reason=class_check action=maybe_recompile pc=0x000002518ae77274 method=java.util.concurrent.ConcurrentHashMap.putVal(Ljava/lang/Object;Ljava/lang/Object;Z)Ljava/lang/Object; @ 192

Classes redefined (0 events):
No events

Internal exceptions (10 events):
Event: 8.429 Thread 0x00000251a165e000 Exception <a 'java/lang/NoSuchMethodError': java.lang.Object.lambda$wrap$0(Lorg/gradle/internal/io/IoSupplier;)Ljava/lang/Object;> (0x00000000db218c68) thrown at [C:\jenkins\workspace\Zulu\zulu-platform-build\35621\zulu-src.git\hotspot\src\share\vm\interp
Event: 8.665 Thread 0x00000251a165e000 Exception <a 'java/lang/IncompatibleClassChangeError': Found class java.lang.Object, but interface was expected> (0x00000000dcbe7078) thrown at [C:\jenkins\workspace\Zulu\zulu-platform-build\35621\zulu-src.git\hotspot\src\share\vm\interpreter\linkResolver
Event: 8.690 Thread 0x00000251a165e000 Exception <a 'java/lang/NoSuchMethodError': java.lang.Object.lambda$static$0(Lorg/gradle/api/internal/artifacts/configurations/MutationValidator$MutationType;)V> (0x00000000dcf97fe0) thrown at [C:\jenkins\workspace\Zulu\zulu-platform-build\35621\zulu-src.
Event: 8.703 Thread 0x00000251a165e000 Exception <a 'java/lang/NoSuchMethodError': java.lang.Object.lambda$static$0(Lorg/gradle/api/internal/tasks/TaskDependencyResolveContext;)V> (0x00000000dd24a5f0) thrown at [C:\jenkins\workspace\Zulu\zulu-platform-build\35621\zulu-src.git\hotspot\src\share
Event: 8.736 Thread 0x00000251a165e000 Exception <a 'java/lang/NoSuchMethodError': java.lang.Object.lambda$rethrowFailure$0(Ljava/lang/RuntimeException;)V> (0x00000000dd731d98) thrown at [C:\jenkins\workspace\Zulu\zulu-platform-build\35621\zulu-src.git\hotspot\src\share\vm\interpreter\linkReso
Event: 8.754 Thread 0x00000251a165e000 Exception <a 'sun/nio/fs/WindowsException'> (0x00000000dd816840) thrown at [C:\jenkins\workspace\Zulu\zulu-platform-build\35621\zulu-src.git\hotspot\src\share\vm\prims\jni.cpp, line 712]
Event: 8.754 Thread 0x00000251a165e000 Exception <a 'sun/nio/fs/WindowsException'> (0x00000000dd817a98) thrown at [C:\jenkins\workspace\Zulu\zulu-platform-build\35621\zulu-src.git\hotspot\src\share\vm\prims\jni.cpp, line 712]
Event: 8.754 Thread 0x00000251a165e000 Exception <a 'sun/nio/fs/WindowsException'> (0x00000000dd81b240) thrown at [C:\jenkins\workspace\Zulu\zulu-platform-build\35621\zulu-src.git\hotspot\src\share\vm\prims\jni.cpp, line 712]
Event: 8.762 Thread 0x00000251a165e000 Exception <a 'sun/nio/fs/WindowsException'> (0x00000000dd86cff0) thrown at [C:\jenkins\workspace\Zulu\zulu-platform-build\35621\zulu-src.git\hotspot\src\share\vm\prims\jni.cpp, line 712]
Event: 9.268 Thread 0x00000251a165e000 Exception <a 'java/lang/IncompatibleClassChangeError': Found class java.lang.Object, but interface was expected> (0x00000000d7914fc0) thrown at [C:\jenkins\workspace\Zulu\zulu-platform-build\35621\zulu-src.git\hotspot\src\share\vm\interpreter\linkResolver

Events (10 events):
Event: 9.329 Thread 0x00000251a165e000 Uncommon trap: trap_request=0xffffffde fr.pc=0x000002518ae77274
Event: 9.329 Executing VM operation: RevokeBias
Event: 9.329 Executing VM operation: RevokeBias done
Event: 9.329 Thread 0x00000251a165e000 DEOPT PACKING pc=0x000002518ae77274 sp=0x000000e8c03f1b60
Event: 9.329 Thread 0x00000251a165e000 DEOPT UNPACKING pc=0x000002518a445683 sp=0x000000e8c03f1ae8 mode 2
Event: 9.329 Thread 0x00000251a165e000 Uncommon trap: trap_request=0xffffffde fr.pc=0x000002518ae77274
Event: 9.329 Thread 0x00000251a165e000 DEOPT PACKING pc=0x000002518ae77274 sp=0x000000e8c03f1b60
Event: 9.329 Thread 0x00000251a165e000 DEOPT UNPACKING pc=0x000002518a445683 sp=0x000000e8c03f1ae8 mode 2
Event: 9.360 loading class org/jetbrains/kotlin/metadata/jvm/JvmProtoBuf$1
Event: 9.360 loading class org/jetbrains/kotlin/metadata/jvm/JvmProtoBuf$1 done


Dynamic libraries:
0x00007ff7ba890000 - 0x00007ff7ba8e0000 	C:\Program Files\Zulu\zulu-8\bin\java.exe
0x00007fff995c0000 - 0x00007fff99823000 	C:\WINDOWS\SYSTEM32\ntdll.dll
0x00007fff987d0000 - 0x00007fff98898000 	C:\WINDOWS\System32\KERNEL32.DLL
0x00007fff96c60000 - 0x00007fff97012000 	C:\WINDOWS\System32\KERNELBASE.dll
0x00007fff978c0000 - 0x00007fff97974000 	C:\WINDOWS\System32\ADVAPI32.dll
0x00007fff98920000 - 0x00007fff989c9000 	C:\WINDOWS\System32\msvcrt.dll
0x00007fff98aa0000 - 0x00007fff98b46000 	C:\WINDOWS\System32\sechost.dll
0x00007fff97e20000 - 0x00007fff97f36000 	C:\WINDOWS\System32\RPCRT4.dll
0x00007fff98380000 - 0x00007fff98548000 	C:\WINDOWS\System32\USER32.dll
0x00007fff973f0000 - 0x00007fff97417000 	C:\WINDOWS\System32\win32u.dll
0x00007fff994f0000 - 0x00007fff9951a000 	C:\WINDOWS\System32\GDI32.dll
0x00007fff97020000 - 0x00007fff9714b000 	C:\WINDOWS\System32\gdi32full.dll
0x00007fff96990000 - 0x00007fff96a33000 	C:\WINDOWS\System32\msvcp_win.dll
0x00007fff972a0000 - 0x00007fff973eb000 	C:\WINDOWS\System32\ucrtbase.dll
0x00007fff77ea0000 - 0x00007fff78130000 	C:\WINDOWS\WinSxS\amd64_microsoft.windows.common-controls_6595b64144ccf1df_6.0.26100.2454_none_3e0b68a2e331ad60\COMCTL32.dll
0x00007fff989d0000 - 0x00007fff989ff000 	C:\WINDOWS\System32\IMM32.DLL
0x00007fff6c180000 - 0x00007fff6c195000 	C:\Program Files\Zulu\zulu-8\jre\bin\vcruntime140.dll
0x00007fff40d90000 - 0x00007fff40e2b000 	C:\Program Files\Zulu\zulu-8\jre\bin\msvcp140.dll
0x0000000063880000 - 0x00000000640f3000 	C:\Program Files\Zulu\zulu-8\jre\bin\server\jvm.dll
0x00007fff98a70000 - 0x00007fff98a78000 	C:\WINDOWS\System32\PSAPI.DLL
0x00007fff83940000 - 0x00007fff8394a000 	C:\WINDOWS\SYSTEM32\WSOCK32.dll
0x00007fff942e0000 - 0x00007fff94316000 	C:\WINDOWS\SYSTEM32\WINMM.dll
0x00007fff82420000 - 0x00007fff8242b000 	C:\WINDOWS\SYSTEM32\VERSION.dll
0x00007fff98550000 - 0x00007fff985c4000 	C:\WINDOWS\System32\WS2_32.dll
0x00007fff958e0000 - 0x00007fff958fa000 	C:\WINDOWS\SYSTEM32\kernel.appcore.dll
0x00007fff74b50000 - 0x00007fff74b60000 	C:\Program Files\Zulu\zulu-8\jre\bin\verify.dll
0x00007fff6c150000 - 0x00007fff6c17b000 	C:\Program Files\Zulu\zulu-8\jre\bin\java.dll
0x00007fff51c20000 - 0x00007fff51c59000 	C:\Program Files\Zulu\zulu-8\jre\bin\instrument.dll
0x00007fff6a6e0000 - 0x00007fff6a6f8000 	C:\Program Files\Zulu\zulu-8\jre\bin\zip.dll
0x00007fff98b50000 - 0x00007fff99250000 	C:\WINDOWS\System32\SHELL32.dll
0x00007fff946a0000 - 0x00007fff94ed1000 	C:\WINDOWS\SYSTEM32\windows.storage.dll
0x00007fff97ff0000 - 0x00007fff9836e000 	C:\WINDOWS\System32\combase.dll
0x00007fff97420000 - 0x00007fff974fa000 	C:\WINDOWS\System32\SHCORE.dll
0x00007fff98a10000 - 0x00007fff98a6d000 	C:\WINDOWS\System32\shlwapi.dll
0x00007fff968a0000 - 0x00007fff968ce000 	C:\WINDOWS\SYSTEM32\profapi.dll
0x00007fff603b0000 - 0x00007fff603cc000 	C:\Program Files\Zulu\zulu-8\jre\bin\net.dll
0x00007fff95de0000 - 0x00007fff95e48000 	C:\WINDOWS\system32\mswsock.dll
0x00007fff58e90000 - 0x00007fff58ea3000 	C:\Program Files\Zulu\zulu-8\jre\bin\nio.dll
0x00007fff6aa80000 - 0x00007fff6aaa7000 	C:\Users\Owner\.gradle\native\c067742578af261105cb4f569cf0c3c89f3d7b1fecec35dd04571415982c5e48\windows-amd64\native-platform.dll
0x00007fff413e0000 - 0x00007fff41524000 	C:\Users\Owner\.gradle\native\38dada09dfb8b06ba9b0570ebf7e218e3eb74d4ef43ca46872605cf95ebc2f47\windows-amd64\native-platform-file-events.dll
0x00007fff6b4f0000 - 0x00007fff6b4fd000 	C:\Program Files\Zulu\zulu-8\jre\bin\management.dll
0x00007fff96080000 - 0x00007fff9609c000 	C:\WINDOWS\SYSTEM32\CRYPTSP.dll
0x00007fff95840000 - 0x00007fff95878000 	C:\WINDOWS\system32\rsaenh.dll
0x00007fff95e80000 - 0x00007fff95eab000 	C:\WINDOWS\SYSTEM32\USERENV.dll
0x00007fff96250000 - 0x00007fff96276000 	C:\WINDOWS\SYSTEM32\bcrypt.dll
0x00007fff96bc0000 - 0x00007fff96c59000 	C:\WINDOWS\System32\bcryptprimitives.dll
0x00007fff960a0000 - 0x00007fff960ac000 	C:\WINDOWS\SYSTEM32\CRYPTBASE.dll
0x00007fff952d0000 - 0x00007fff95302000 	C:\WINDOWS\SYSTEM32\IPHLPAPI.DLL
0x00007fff99570000 - 0x00007fff9957a000 	C:\WINDOWS\System32\NSI.dll
0x00007fff86980000 - 0x00007fff8699e000 	C:\WINDOWS\SYSTEM32\dhcpcsvc6.DLL
0x00007fff868c0000 - 0x00007fff868e5000 	C:\WINDOWS\SYSTEM32\dhcpcsvc.DLL
0x00007fff95370000 - 0x00007fff95495000 	C:\WINDOWS\SYSTEM32\DNSAPI.dll

VM Arguments:
jvm_args: -Xmx2048m -Dfile.encoding=UTF-8 -Duser.country=US -Duser.language=en -Duser.variant -javaagent:C:\Users\Owner\.gradle\wrapper\dists\gradle-8.7-bin\bhs2wmbdwecv87pi65oeuq5iu\gradle-8.7\lib\agents\gradle-instrumentation-agent-8.7.jar 
java_command: org.gradle.launcher.daemon.bootstrap.GradleDaemon 8.7
java_class_path (initial): C:\Users\Owner\.gradle\wrapper\dists\gradle-8.7-bin\bhs2wmbdwecv87pi65oeuq5iu\gradle-8.7\lib\gradle-launcher-8.7.jar;C:\Users\Owner\.gradle\wrapper\dists\gradle-8.7-bin\bhs2wmbdwecv87pi65oeuq5iu\gradle-8.7\lib\agents\gradle-instrumentation-agent-8.7.jar
Launcher Type: SUN_STANDARD

Environment Variables:
JAVA_HOME=C:\Program Files\Zulu\zulu-8\
CLASSPATH=C:\Users\Owner\AndroidStudioProjects\Submission1Funda\\gradle\wrapper\gradle-wrapper.jar
PATH=C:\Program Files\Java\jdk-21;C:\Program Files (x86)\Common Files\Oracle\Java\java8path;C:\Program Files (x86)\Common Files\Oracle\Java\javapath;C:\Program Files\Zulu\zulu-8\bin\;C:\WINDOWS\system32;C:\WINDOWS;C:\WINDOWS\System32\Wbem;C:\WINDOWS\System32\WindowsPowerShell\v1.0\;C:\WINDOWS\System32\OpenSSH\;C:\MinGW\bin;E:\Kuliah\gradle-8.10.1-all\gradle-8.10.1\bin;C:\Program Files\Git\cmd;C:\Program Files\Dart\dart-sdk\bin;C:\Program Files\NVIDIA Corporation\NVIDIA app\NvDLISR;C:\flutter_windows_3.27.0-stable\flutter\bin;C:\Program Files\dotnet\;C:\Users\Owner\AppData\Local\Yarn\config\global\node_modules\.bin;C:\Users\Owner\AppData\Roaming\Composer\vendor\bin;C:\Users\Owner\AppData\Roaming\npm;E:\Kuliah\laragon\bin;E:\Kuliah\laragon\bin\apache\httpd-2.4.54-win64-VS16\bin;E:\Kuliah\laragon\bin\composer;E:\Kuliah\laragon\bin\git\bin;E:\Kuliah\laragon\bin\git\cmd;E:\Kuliah\laragon\bin\git\mingw64\bin;E:\Kuliah\laragon\bin\git\usr\bin;E:\Kuliah\laragon\bin\laragon\utils;E:\Kuliah\laragon\bin\mysql\mysql-8.0.30-winx64\bin;E:\Kuliah\laragon\bin\nginx\nginx-1.22.0;E:\Kuliah\laragon\bin\ngrok;E:\Kuliah\laragon\bin\nodejs\node-v18;E:\Kuliah\laragon\bin\notepad++;E:\Kuliah\laragon\bin\php\php-8.1.10-Win32-vs16-x64;E:\Kuliah\laragon\bin\python\python-3.10;E:\Kuliah\laragon\bin\python\python-3.10\Scripts;E:\Kuliah\laragon\bin\redis\redis-x64-5.0.14.1;E:\Kuliah\laragon\bin\telnet;E:\Kuliah\laragon\usr\bin;C:\Users\Owner\AppData\Local\Microsoft\WindowsApps;C:\Users\Owner\AppData\Local\Programs\Microsoft VS Code\bin;C:\Program Files\JetBrains\IntelliJ IDEA 2024.2.2\bin;;%USERPROFILE%\AppData\Local\Microsoft\WindowsApps
USERNAME=Owner
OS=Windows_NT
PROCESSOR_IDENTIFIER=Intel64 Family 6 Model 140 Stepping 1, GenuineIntel



---------------  S Y S T E M  ---------------

OS: Windows 11 , 64 bit Build 26100 (10.0.26100.2454)
HyperV virtualization detected

CPU:total 8 (initial active 8) (4 cores per cpu, 2 threads per core) family 6 model 140 stepping 1, cmov, cx8, fxsr, mmx, sse, sse2, sse3, ssse3, sse4.1, sse4.2, popcnt, avx, avx2, aes, clmul, erms, 3dnowpref, lzcnt, ht, tsc, tscinvbit, bmi1, bmi2, adx

Memory: 4k page, physical 16555320k(1242960k free), swap 26709020k(9112k free)

vm_info: OpenJDK 64-Bit Server VM (25.422-b05) for windows-amd64 JRE (Zulu 8.80.0.17-CA-win64) (1.8.0_422-b05), built on Jul  9 2024 22:32:24 by "abrygin" with MS VC++ 15.9 (VS2017)

time: Fri Dec 20 16:25:17 2024
timezone: SE Asia Standard Time
elapsed time: 9.392892 seconds (0d 0h 0m 9s)

